<?xml version="1.0" encoding="UTF-8"?>
<!-- Generated by org.testng.reporters.JUnitXMLReporter -->
<testsuite ignored="0" hostname="RAHUL" failures="0" tests="6" name="Default test" time="10.723" errors="0" timestamp="2024-12-25T23:31:24 IST">
  <testcase classname="api.test.DDTests" name="testPostUser" time="3.166"/>
  <testcase classname="api.test.DDTests" name="testPostUser" time="1.397"/>
  <testcase classname="api.test.DDTests" name="testPostUser" time="1.326"/>
  <testcase classname="api.test.DDTests" name="testDeleteUserByName" time="1.357"/>
  <testcase classname="api.test.DDTests" name="testDeleteUserByName" time="1.327"/>
  <testcase classname="api.test.DDTests" name="testDeleteUserByName" time="1.241"/>
</testsuite> <!-- Default test -->
