<?xml version="1.0" encoding="UTF-8"?>
<testsuite xmlns:xsi="http://www.w3.org/2001/XMLSchema-instance" xsi:noNamespaceSchemaLocation="https://maven.apache.org/surefire/maven-surefire-plugin/xsd/surefire-test-report.xsd" version="3.0.2" name="TestSuite" time="11.71" tests="4" errors="0" skipped="0" failures="0">
  <properties>
[...]
</properties>
  <testcase name="testPostUser" classname="api.test.UserTests2" time="3.718">
    <system-out><![CDATA[23:17:44.588 [main] INFO  api.test.UserTests2 - ******* Creating User *******
HTTP/1.1 200 OK
Date: Thu, 26 Dec 2024 17:47:47 GMT
Content-Type: application/json
Transfer-Encoding: chunked
Connection: keep-alive
Access-Control-Allow-Origin: *
Access-Control-Allow-Methods: GET, POST, DELETE, PUT
Access-Control-Allow-Headers: Content-Type, api_key, Authorization
Server: Jetty(9.2.9.v20150224)

{
    "code": 200,
    "type": "unknown",
    "message": "1783083399"
}
23:17:48.278 [main] INFO  api.test.UserTests2 - ******* User is created *******
]]></system-out>
    <system-err><![CDATA[SLF4J: Failed to load class "org.slf4j.impl.StaticLoggerBinder".
SLF4J: Defaulting to no-operation (NOP) logger implementation
SLF4J: See http://www.slf4j.org/codes.html#StaticLoggerBinder for further details.
]]></system-err>
  </testcase>
  <testcase name="testGetUserByName" classname="api.test.UserTests2" time="1.338">
    <system-out><![CDATA[23:17:48.290 [main] INFO  api.test.UserTests2 - ******* Reading user info *******
HTTP/1.1 200 OK
Date: Thu, 26 Dec 2024 17:47:49 GMT
Content-Type: application/json
Transfer-Encoding: chunked
Connection: keep-alive
Access-Control-Allow-Origin: *
Access-Control-Allow-Methods: GET, POST, DELETE, PUT
Access-Control-Allow-Headers: Content-Type, api_key, Authorization
Server: Jetty(9.2.9.v20150224)

{
    "id": 1783083399,
    "username": "erik.damore",
    "email": "silvia.wiza@example.com",
    "password": "yb3oy",
    "phone": "1-483-356-4633",
    "userStatus": 0
}
23:17:49.626 [main] INFO  api.test.UserTests2 - ******* User info is displayed *******
]]></system-out>
  </testcase>
  <testcase name="testUpdateUserByName" classname="api.test.UserTests2" time="2.844">
    <system-out><![CDATA[23:17:49.628 [main] INFO  api.test.UserTests2 - ******* Updating user *******
{
    "code": 200,
    "type": "unknown",
    "message": "1783083399"
}
23:17:51.072 [main] INFO  api.test.UserTests2 - ******* User is updated *******
]]></system-out>
  </testcase>
  <testcase name="testDeleteUserByName" classname="api.test.UserTests2" time="1.53">
    <system-out><![CDATA[23:17:52.479 [main] INFO  api.test.UserTests2 - ******* Deleting user *******
23:17:54.009 [main] INFO  api.test.UserTests2 - ******* User deleted *******
]]></system-out>
  </testcase>
</testsuite>