<?xml version="1.0" encoding="UTF-8"?>
<testng-results ignored="0" total="4" passed="4" failed="0" skipped="0">
  <reporter-output>
  </reporter-output>
  <suite started-at="2024-12-26T23:17:43 IST" name="Pet Suite" finished-at="2024-12-26T23:17:54 IST" duration-ms="10738">
    <groups>
    </groups>
    <test started-at="2024-12-26T23:17:43 IST" name="Pet Test" finished-at="2024-12-26T23:17:54 IST" duration-ms="10738">
      <class name="api.test.UserTests2">
        <test-method is-config="true" signature="setupData()[pri:0, instance:api.test.UserTests2@6adbc9d]" started-at="2024-12-26T23:17:43 IST" name="setupData" finished-at="2024-12-26T23:17:44 IST" duration-ms="1066" status="PASS">
          <reporter-output>
          </reporter-output>
        </test-method> <!-- setupData -->
        <test-method signature="testPostUser()[pri:1, instance:api.test.UserTests2@6adbc9d]" started-at="2024-12-26T23:17:44 IST" name="testPostUser" finished-at="2024-12-26T23:17:48 IST" duration-ms="3706" status="PASS">
          <reporter-output>
          </reporter-output>
        </test-method> <!-- testPostUser -->
        <test-method signature="testGetUserByName()[pri:2, instance:api.test.UserTests2@6adbc9d]" started-at="2024-12-26T23:17:48 IST" name="testGetUserByName" finished-at="2024-12-26T23:17:49 IST" duration-ms="1338" status="PASS">
          <reporter-output>
          </reporter-output>
        </test-method> <!-- testGetUserByName -->
        <test-method signature="testUpdateUserByName()[pri:3, instance:api.test.UserTests2@6adbc9d]" started-at="2024-12-26T23:17:49 IST" name="testUpdateUserByName" finished-at="2024-12-26T23:17:52 IST" duration-ms="2844" status="PASS">
          <reporter-output>
          </reporter-output>
        </test-method> <!-- testUpdateUserByName -->
        <test-method signature="testDeleteUserByName()[pri:4, instance:api.test.UserTests2@6adbc9d]" started-at="2024-12-26T23:17:52 IST" name="testDeleteUserByName" finished-at="2024-12-26T23:17:54 IST" duration-ms="1531" status="PASS">
          <reporter-output>
          </reporter-output>
        </test-method> <!-- testDeleteUserByName -->
      </class> <!-- api.test.UserTests2 -->
    </test> <!-- Pet Test -->
  </suite> <!-- Pet Suite -->
</testng-results>
