<?xml version="1.0" encoding="UTF-8"?>
<testng-results ignored="0" total="4" passed="4" failed="0" skipped="0">
  <reporter-output>
  </reporter-output>
  <suite started-at="2024-12-26T19:35:23 IST" name="Pet Suite" finished-at="2024-12-26T19:35:34 IST" duration-ms="10395">
    <groups>
    </groups>
    <test started-at="2024-12-26T19:35:23 IST" name="Pet Test" finished-at="2024-12-26T19:35:34 IST" duration-ms="10395">
      <class name="api.test.UserTests2">
        <test-method is-config="true" signature="setupData()[pri:0, instance:api.test.UserTests2@6a6cb05c]" started-at="2024-12-26T19:35:24 IST" name="setupData" finished-at="2024-12-26T19:35:24 IST" duration-ms="749" status="PASS">
          <reporter-output>
          </reporter-output>
        </test-method> <!-- setupData -->
        <test-method signature="testPostUser()[pri:1, instance:api.test.UserTests2@6a6cb05c]" started-at="2024-12-26T19:35:24 IST" name="testPostUser" finished-at="2024-12-26T19:35:28 IST" duration-ms="3239" status="PASS">
          <reporter-output>
          </reporter-output>
        </test-method> <!-- testPostUser -->
        <test-method signature="testGetUserByName()[pri:2, instance:api.test.UserTests2@6a6cb05c]" started-at="2024-12-26T19:35:28 IST" name="testGetUserByName" finished-at="2024-12-26T19:35:29 IST" duration-ms="1438" status="PASS">
          <reporter-output>
          </reporter-output>
        </test-method> <!-- testGetUserByName -->
        <test-method signature="testUpdateUserByName()[pri:3, instance:api.test.UserTests2@6a6cb05c]" started-at="2024-12-26T19:35:29 IST" name="testUpdateUserByName" finished-at="2024-12-26T19:35:32 IST" duration-ms="2876" status="PASS">
          <reporter-output>
          </reporter-output>
        </test-method> <!-- testUpdateUserByName -->
        <test-method signature="testDeleteUserByName()[pri:4, instance:api.test.UserTests2@6a6cb05c]" started-at="2024-12-26T19:35:32 IST" name="testDeleteUserByName" finished-at="2024-12-26T19:35:34 IST" duration-ms="1721" status="PASS">
          <reporter-output>
          </reporter-output>
        </test-method> <!-- testDeleteUserByName -->
      </class> <!-- api.test.UserTests2 -->
    </test> <!-- Pet Test -->
  </suite> <!-- Pet Suite -->
</testng-results>
