<?xml version="1.0" encoding="UTF-8"?>
<!-- Generated by org.testng.reporters.JUnitXMLReporter -->
<testsuite ignored="0" hostname="RAHUL" failures="0" tests="4" name="Pet Test" time="10.738" errors="0" timestamp="2024-12-26T23:17:54 IST">
  <testcase classname="api.test.UserTests2" name="testPostUser" time="3.706"/>
  <testcase classname="api.test.UserTests2" name="testGetUserByName" time="1.338"/>
  <testcase classname="api.test.UserTests2" name="testUpdateUserByName" time="2.844"/>
  <testcase classname="api.test.UserTests2" name="testDeleteUserByName" time="1.531"/>
</testsuite> <!-- Pet Test -->
