<?xml version="1.0" encoding="UTF-8"?>
<!-- Generated by org.testng.reporters.JUnitXMLReporter -->
<testsuite ignored="0" hostname="RAHUL" failures="0" tests="4" name="Pet Test" time="10.395" errors="0" timestamp="2024-12-26T19:35:34 IST">
  <testcase classname="api.test.UserTests2" name="testPostUser" time="3.239"/>
  <testcase classname="api.test.UserTests2" name="testGetUserByName" time="1.438"/>
  <testcase classname="api.test.UserTests2" name="testUpdateUserByName" time="2.876"/>
  <testcase classname="api.test.UserTests2" name="testDeleteUserByName" time="1.721"/>
</testsuite> <!-- Pet Test -->
